This is pdfTeX, Version 3.14159265-2.6-1.40.19 (TeX Live 2018) (preloaded format=pdflatex 2018.6.20)  3 JUL 2018 13:20
entering extended mode
 restricted \write18 enabled.
 file:line:error style messages enabled.
 %&-line parsing enabled.
**main.tex
(./main.tex
LaTeX2e <2018-04-01> patch level 2
Babel <3.18> and hyphenation patterns for 84 language(s) loaded.
(/usr/local/texlive/2018/texmf-dist/tex/latex/base/report.cls
Document Class: report 2014/09/29 v1.4h Standard LaTeX document class
(/usr/local/texlive/2018/texmf-dist/tex/latex/base/size10.clo
File: size10.clo 2014/09/29 v1.4h Standard LaTeX file (size option)
)
\c@part=\count80
\c@chapter=\count81
\c@section=\count82
\c@subsection=\count83
\c@subsubsection=\count84
\c@paragraph=\count85
\c@subparagraph=\count86
\c@figure=\count87
\c@table=\count88
\abovecaptionskip=\skip41
\belowcaptionskip=\skip42
\bibindent=\dimen102
) (/usr/local/texlive/2018/texmf-dist/tex/latex/hyperref/hyperref.sty
Package: hyperref 2018/02/06 v6.86b Hypertext links for LaTeX
 (/usr/local/texlive/2018/texmf-dist/tex/generic/oberdiek/hobsub-hyperref.sty
Package: hobsub-hyperref 2016/05/16 v1.14 Bundle oberdiek, subset hyperref (HO)
 (/usr/local/texlive/2018/texmf-dist/tex/generic/oberdiek/hobsub-generic.sty
Package: hobsub-generic 2016/05/16 v1.14 Bundle oberdiek, subset generic (HO)
Package: hobsub 2016/05/16 v1.14 Construct package bundles (HO)
Package: infwarerr 2016/05/16 v1.4 Providing info/warning/error messages (HO)
Package: ltxcmds 2016/05/16 v1.23 LaTeX kernel commands for general use (HO)
Package: ifluatex 2016/05/16 v1.4 Provides the ifluatex switch (HO)
Package ifluatex Info: LuaTeX not detected.
Package: ifvtex 2016/05/16 v1.6 Detect VTeX and its facilities (HO)
Package ifvtex Info: VTeX not detected.
Package: intcalc 2016/05/16 v1.2 Expandable calculations with integers (HO)
Package: ifpdf 2017/03/15 v3.2 Provides the ifpdf switch
Package: etexcmds 2016/05/16 v1.6 Avoid name clashes with e-TeX commands (HO)
Package etexcmds Info: Could not find \expanded.
(etexcmds)             That can mean that you are not using pdfTeX 1.50 or
(etexcmds)             that some package has redefined \expanded.
(etexcmds)             In the latter case, load this package earlier.
Package: kvsetkeys 2016/05/16 v1.17 Key value parser (HO)
Package: kvdefinekeys 2016/05/16 v1.4 Define keys (HO)
Package: pdftexcmds 2018/01/30 v0.27 Utility functions of pdfTeX for LuaTeX (HO)
Package pdftexcmds Info: LuaTeX not detected.
Package pdftexcmds Info: \pdf@primitive is available.
Package pdftexcmds Info: \pdf@ifprimitive is available.
Package pdftexcmds Info: \pdfdraftmode found.
Package: pdfescape 2016/05/16 v1.14 Implements pdfTeX's escape features (HO)
Package: bigintcalc 2016/05/16 v1.4 Expandable calculations on big integers (HO)
Package: bitset 2016/05/16 v1.2 Handle bit-vector datatype (HO)
Package: uniquecounter 2016/05/16 v1.3 Provide unlimited unique counter (HO)
)
Package hobsub Info: Skipping package `hobsub' (already loaded).
Package: letltxmacro 2016/05/16 v1.5 Let assignment for LaTeX macros (HO)
Package: hopatch 2016/05/16 v1.3 Wrapper for package hooks (HO)
Package: xcolor-patch 2016/05/16 xcolor patch
Package: atveryend 2016/05/16 v1.9 Hooks at the very end of document (HO)
Package atveryend Info: \enddocument detected (standard20110627).
Package: atbegshi 2016/06/09 v1.18 At begin shipout hook (HO)
Package: refcount 2016/05/16 v3.5 Data extraction from label references (HO)
Package: hycolor 2016/05/16 v1.8 Color options for hyperref/bookmark (HO)
) (/usr/local/texlive/2018/texmf-dist/tex/latex/graphics/keyval.sty
Package: keyval 2014/10/28 v1.15 key=value parser (DPC)
\KV@toks@=\toks14
) (/usr/local/texlive/2018/texmf-dist/tex/generic/ifxetex/ifxetex.sty
Package: ifxetex 2010/09/12 v0.6 Provides ifxetex conditional
) (/usr/local/texlive/2018/texmf-dist/tex/latex/oberdiek/auxhook.sty
Package: auxhook 2016/05/16 v1.4 Hooks for auxiliary files (HO)
) (/usr/local/texlive/2018/texmf-dist/tex/latex/oberdiek/kvoptions.sty
Package: kvoptions 2016/05/16 v3.12 Key value format for package options (HO)
)
\@linkdim=\dimen103
\Hy@linkcounter=\count89
\Hy@pagecounter=\count90
 (/usr/local/texlive/2018/texmf-dist/tex/latex/hyperref/pd1enc.def
File: pd1enc.def 2018/02/06 v6.86b Hyperref: PDFDocEncoding definition (HO)
Now handling font encoding PD1 ...
... no UTF-8 mapping file for font encoding PD1
)
\Hy@SavedSpaceFactor=\count91
 (/usr/local/texlive/2018/texmf-dist/tex/latex/latexconfig/hyperref.cfg
File: hyperref.cfg 2002/06/06 v1.2 hyperref configuration of TeXLive
)
Package hyperref Info: Hyper figures OFF on input line 4509.
Package hyperref Info: Link nesting OFF on input line 4514.
Package hyperref Info: Hyper index ON on input line 4517.
Package hyperref Info: Plain pages OFF on input line 4524.
Package hyperref Info: Backreferencing OFF on input line 4529.
Package hyperref Info: Implicit mode ON; LaTeX internals redefined.
Package hyperref Info: Bookmarks ON on input line 4762.
\c@Hy@tempcnt=\count92
 (/usr/local/texlive/2018/texmf-dist/tex/latex/url/url.sty
\Urlmuskip=\muskip10
Package: url 2013/09/16  ver 3.4  Verb mode for urls, etc.
)
LaTeX Info: Redefining \url on input line 5115.
\XeTeXLinkMargin=\dimen104
\Fld@menulength=\count93
\Field@Width=\dimen105
\Fld@charsize=\dimen106
Package hyperref Info: Hyper figures OFF on input line 6369.
Package hyperref Info: Link nesting OFF on input line 6374.
Package hyperref Info: Hyper index ON on input line 6377.
Package hyperref Info: backreferencing OFF on input line 6384.
Package hyperref Info: Link coloring OFF on input line 6389.
Package hyperref Info: Link coloring with OCG OFF on input line 6394.
Package hyperref Info: PDF/A mode OFF on input line 6399.
LaTeX Info: Redefining \ref on input line 6439.
LaTeX Info: Redefining \pageref on input line 6443.
\Hy@abspage=\count94
\c@Item=\count95
\c@Hfootnote=\count96
)
Package hyperref Info: Driver (autodetected): hpdftex.
 (/usr/local/texlive/2018/texmf-dist/tex/latex/hyperref/hpdftex.def
File: hpdftex.def 2018/02/06 v6.86b Hyperref driver for pdfTeX
\Fld@listcount=\count97
\c@bookmark@seq@number=\count98
 (/usr/local/texlive/2018/texmf-dist/tex/latex/oberdiek/rerunfilecheck.sty
Package: rerunfilecheck 2016/05/16 v1.8 Rerun checks for auxiliary files (HO)
Package uniquecounter Info: New unique counter `rerunfilecheck' on input line 282.
)
\Hy@SectionHShift=\skip43
) (/usr/local/texlive/2018/texmf-dist/tex/latex/graphics/graphicx.sty
Package: graphicx 2017/06/01 v1.1a Enhanced LaTeX Graphics (DPC,SPQR)
 (/usr/local/texlive/2018/texmf-dist/tex/latex/graphics/graphics.sty
Package: graphics 2017/06/25 v1.2c Standard LaTeX Graphics (DPC,SPQR)
 (/usr/local/texlive/2018/texmf-dist/tex/latex/graphics/trig.sty
Package: trig 2016/01/03 v1.10 sin cos tan (DPC)
) (/usr/local/texlive/2018/texmf-dist/tex/latex/graphics-cfg/graphics.cfg
File: graphics.cfg 2016/06/04 v1.11 sample graphics configuration
)
Package graphics Info: Driver file: pdftex.def on input line 99.
 (/usr/local/texlive/2018/texmf-dist/tex/latex/graphics-def/pdftex.def
File: pdftex.def 2018/01/08 v1.0l Graphics/color driver for pdftex
))
\Gin@req@height=\dimen107
\Gin@req@width=\dimen108
) (/usr/local/texlive/2018/texmf-dist/tex/latex/tools/verbatim.sty
Package: verbatim 2014/10/28 v1.5q LaTeX2e package for verbatim enhancements
\every@verbatim=\toks15
\verbatim@line=\toks16
\verbatim@in@stream=\read1
) (/usr/local/texlive/2018/texmf-dist/tex/latex/xcolor/xcolor.sty
Package: xcolor 2016/05/11 v2.12 LaTeX color extensions (UK)
 (/usr/local/texlive/2018/texmf-dist/tex/latex/graphics-cfg/color.cfg
File: color.cfg 2016/01/02 v1.6 sample color configuration
)
Package xcolor Info: Driver file: pdftex.def on input line 225.
Package xcolor Info: Model `cmy' substituted by `cmy0' on input line 1348.
Package xcolor Info: Model `hsb' substituted by `rgb' on input line 1352.
Package xcolor Info: Model `RGB' extended on input line 1364.
Package xcolor Info: Model `HTML' substituted by `rgb' on input line 1366.
Package xcolor Info: Model `Hsb' substituted by `hsb' on input line 1367.
Package xcolor Info: Model `tHsb' substituted by `hsb' on input line 1368.
Package xcolor Info: Model `HSB' substituted by `hsb' on input line 1369.
Package xcolor Info: Model `Gray' substituted by `gray' on input line 1370.
Package xcolor Info: Model `wave' substituted by `hsb' on input line 1371.
) (/usr/local/texlive/2018/texmf-dist/tex/latex/amsfonts/amssymb.sty
Package: amssymb 2013/01/14 v3.01 AMS font symbols
 (/usr/local/texlive/2018/texmf-dist/tex/latex/amsfonts/amsfonts.sty
Package: amsfonts 2013/01/14 v3.01 Basic AMSFonts support
\@emptytoks=\toks17
\symAMSa=\mathgroup4
\symAMSb=\mathgroup5
LaTeX Font Info:    Overwriting math alphabet `\mathfrak' in version `bold'
(Font)                  U/euf/m/n --> U/euf/b/n on input line 106.
)) (/usr/local/texlive/2018/texmf-dist/tex/latex/amscls/amsthm.sty
Package: amsthm 2017/10/31 v2.20.4
\thm@style=\toks18
\thm@bodyfont=\toks19
\thm@headfont=\toks20
\thm@notefont=\toks21
\thm@headpunct=\toks22
\thm@preskip=\skip44
\thm@postskip=\skip45
\thm@headsep=\skip46
\dth@everypar=\toks23
) (/usr/local/texlive/2018/texmf-dist/tex/latex/mathtools/mathtools.sty
Package: mathtools 2018/01/08 v1.21 mathematical typesetting tools
 (/usr/local/texlive/2018/texmf-dist/tex/latex/tools/calc.sty
Package: calc 2017/05/25 v4.3 Infix arithmetic (KKT,FJ)
\calc@Acount=\count99
\calc@Bcount=\count100
\calc@Adimen=\dimen109
\calc@Bdimen=\dimen110
\calc@Askip=\skip47
\calc@Bskip=\skip48
LaTeX Info: Redefining \setlength on input line 80.
LaTeX Info: Redefining \addtolength on input line 81.
\calc@Ccount=\count101
\calc@Cskip=\skip49
) (/usr/local/texlive/2018/texmf-dist/tex/latex/mathtools/mhsetup.sty
Package: mhsetup 2017/03/31 v1.3 programming setup (MH)
) (/usr/local/texlive/2018/texmf-dist/tex/latex/amsmath/amsmath.sty
Package: amsmath 2017/09/02 v2.17a AMS math features
\@mathmargin=\skip50

For additional information on amsmath, use the `?' option.
(/usr/local/texlive/2018/texmf-dist/tex/latex/amsmath/amstext.sty
Package: amstext 2000/06/29 v2.01 AMS text
 (/usr/local/texlive/2018/texmf-dist/tex/latex/amsmath/amsgen.sty
File: amsgen.sty 1999/11/30 v2.0 generic functions
\@emptytoks=\toks24
\ex@=\dimen111
)) (/usr/local/texlive/2018/texmf-dist/tex/latex/amsmath/amsbsy.sty
Package: amsbsy 1999/11/29 v1.2d Bold Symbols
\pmbraise@=\dimen112
) (/usr/local/texlive/2018/texmf-dist/tex/latex/amsmath/amsopn.sty
Package: amsopn 2016/03/08 v2.02 operator names
)
\inf@bad=\count102
LaTeX Info: Redefining \frac on input line 213.
\uproot@=\count103
\leftroot@=\count104
LaTeX Info: Redefining \overline on input line 375.
\classnum@=\count105
\DOTSCASE@=\count106
LaTeX Info: Redefining \ldots on input line 472.
LaTeX Info: Redefining \dots on input line 475.
LaTeX Info: Redefining \cdots on input line 596.
\Mathstrutbox@=\box26
\strutbox@=\box27
\big@size=\dimen113
LaTeX Font Info:    Redeclaring font encoding OML on input line 712.
LaTeX Font Info:    Redeclaring font encoding OMS on input line 713.
\macc@depth=\count107
\c@MaxMatrixCols=\count108
\dotsspace@=\muskip11
\c@parentequation=\count109
\dspbrk@lvl=\count110
\tag@help=\toks25
\row@=\count111
\column@=\count112
\maxfields@=\count113
\andhelp@=\toks26
\eqnshift@=\dimen114
\alignsep@=\dimen115
\tagshift@=\dimen116
\tagwidth@=\dimen117
\totwidth@=\dimen118
\lineht@=\dimen119
\@envbody=\toks27
\multlinegap=\skip51
\multlinetaggap=\skip52
\mathdisplay@stack=\toks28
LaTeX Info: Redefining \[ on input line 2817.
LaTeX Info: Redefining \] on input line 2818.
)
LaTeX Info: Thecontrolsequence`\('isalreadyrobust on input line 129.
LaTeX Info: Thecontrolsequence`\)'isalreadyrobust on input line 129.
LaTeX Info: Thecontrolsequence`\['isalreadyrobust on input line 129.
LaTeX Info: Thecontrolsequence`\]'isalreadyrobust on input line 129.
\g_MT_multlinerow_int=\count114
\l_MT_multwidth_dim=\dimen120
\origjot=\skip53
\l_MT_shortvdotswithinadjustabove_dim=\dimen121
\l_MT_shortvdotswithinadjustbelow_dim=\dimen122
\l_MT_above_intertext_sep=\dimen123
\l_MT_below_intertext_sep=\dimen124
\l_MT_above_shortintertext_sep=\dimen125
\l_MT_below_shortintertext_sep=\dimen126
) (/usr/local/texlive/2018/texmf-dist/tex/latex/biblatex/biblatex.sty
Package: biblatex 2018/03/04 v3.11 programmable bibliographies (PK/MW)
 (/usr/local/texlive/2018/texmf-dist/tex/latex/etoolbox/etoolbox.sty
Package: etoolbox 2018/02/11 v2.5e e-TeX tools for LaTeX (JAW)
\etb@tempcnta=\count115
) (/usr/local/texlive/2018/texmf-dist/tex/latex/logreq/logreq.sty
Package: logreq 2010/08/04 v1.0 xml request logger
\lrq@indent=\count116
 (/usr/local/texlive/2018/texmf-dist/tex/latex/logreq/logreq.def
File: logreq.def 2010/08/04 v1.0 logreq spec v1.0
)) (/usr/local/texlive/2018/texmf-dist/tex/latex/base/ifthen.sty
Package: ifthen 2014/09/29 v1.1c Standard LaTeX ifthen package (DPC)
) (/usr/local/texlive/2018/texmf-dist/tex/generic/xstring/xstring.sty (/usr/local/texlive/2018/texmf-dist/tex/generic/xstring/xstring.tex
\@xs@message=\write3
\integerpart=\count117
\decimalpart=\count118
)
Package: xstring 2013/10/13  v1.7c  String manipulations (C Tellechea)
)
\c@tabx@nest=\count119
\c@listtotal=\count120
\c@listcount=\count121
\c@liststart=\count122
\c@liststop=\count123
\c@citecount=\count124
\c@citetotal=\count125
\c@multicitecount=\count126
\c@multicitetotal=\count127
\c@instcount=\count128
\c@maxnames=\count129
\c@minnames=\count130
\c@maxitems=\count131
\c@minitems=\count132
\c@citecounter=\count133
\c@savedcitecounter=\count134
\c@uniquelist=\count135
\c@uniquename=\count136
\c@refsection=\count137
\c@refsegment=\count138
\c@maxextratitle=\count139
\c@maxextratitleyear=\count140
\c@maxextradate=\count141
\c@maxextraalpha=\count142
\c@abbrvpenalty=\count143
\c@highnamepenalty=\count144
\c@lownamepenalty=\count145
\c@maxparens=\count146
\c@parenlevel=\count147
\blx@tempcnta=\count148
\blx@tempcntb=\count149
\blx@tempcntc=\count150
\blx@maxsection=\count151
\blx@maxsegment@0=\count152
\blx@notetype=\count153
\blx@parenlevel@text=\count154
\blx@parenlevel@foot=\count155
\blx@sectionciteorder@0=\count156
\labelnumberwidth=\skip54
\labelalphawidth=\skip55
\biblabelsep=\skip56
\bibitemsep=\skip57
\bibnamesep=\skip58
\bibinitsep=\skip59
\bibparsep=\skip60
\bibhang=\skip61
\blx@bcfin=\read2
\blx@bcfout=\write4
\c@mincomprange=\count157
\c@maxcomprange=\count158
\c@mincompwidth=\count159
Package biblatex Info: Trying to load biblatex default data model...
Package biblatex Info: ... file 'blx-dm.def' found.
 (/usr/local/texlive/2018/texmf-dist/tex/latex/biblatex/blx-dm.def
File: blx-dm.def 2018/03/04 v3.11 biblatex localization (PK/MW)
)
Package biblatex Info: Trying to load biblatex custom data model...
Package biblatex Info: ... file 'biblatex-dm.cfg' not found.
\c@afterword=\count160
\c@savedafterword=\count161
\c@annotator=\count162
\c@savedannotator=\count163
\c@author=\count164
\c@savedauthor=\count165
\c@bookauthor=\count166
\c@savedbookauthor=\count167
\c@commentator=\count168
\c@savedcommentator=\count169
\c@editor=\count170
\c@savededitor=\count171
\c@editora=\count172
\c@savededitora=\count173
\c@editorb=\count174
\c@savededitorb=\count175
\c@editorc=\count176
\c@savededitorc=\count177
\c@foreword=\count178
\c@savedforeword=\count179
\c@holder=\count180
\c@savedholder=\count181
\c@introduction=\count182
\c@savedintroduction=\count183
\c@namea=\count184
\c@savednamea=\count185
\c@nameb=\count186
\c@savednameb=\count187
\c@namec=\count188
\c@savednamec=\count189
\c@translator=\count190
\c@savedtranslator=\count191
\c@shortauthor=\count192
\c@savedshortauthor=\count193
\c@shorteditor=\count194
\c@savedshorteditor=\count195
\c@labelname=\count196
\c@savedlabelname=\count197
\c@institution=\count198
\c@savedinstitution=\count199
\c@lista=\count266
\c@savedlista=\count267
\c@listb=\count268
\c@savedlistb=\count269
\c@listc=\count270
\c@savedlistc=\count271
\c@listd=\count272
\c@savedlistd=\count273
\c@liste=\count274
\c@savedliste=\count275
\c@listf=\count276
\c@savedlistf=\count277
\c@location=\count278
\c@savedlocation=\count279
\c@organization=\count280
\c@savedorganization=\count281
\c@origlocation=\count282
\c@savedoriglocation=\count283
\c@origpublisher=\count284
\c@savedorigpublisher=\count285
\c@publisher=\count286
\c@savedpublisher=\count287
\c@language=\count288
\c@savedlanguage=\count289
\c@origlanguage=\count290
\c@savedoriglanguage=\count291
\c@pageref=\count292
\c@savedpageref=\count293
\shorthandwidth=\skip62
\shortjournalwidth=\skip63
\shortserieswidth=\skip64
\shorttitlewidth=\skip65
\shortauthorwidth=\skip66
\shorteditorwidth=\skip67
\locallabelnumberwidth=\skip68
\locallabelalphawidth=\skip69
\localshorthandwidth=\skip70
\localshortjournalwidth=\skip71
\localshortserieswidth=\skip72
\localshorttitlewidth=\skip73
\localshortauthorwidth=\skip74
\localshorteditorwidth=\skip75
Package biblatex Info: Trying to load compatibility code...
Package biblatex Info: ... file 'blx-compat.def' found.
 (/usr/local/texlive/2018/texmf-dist/tex/latex/biblatex/blx-compat.def
File: blx-compat.def 2018/03/04 v3.11 biblatex compatibility (PK/MW)
)
Package biblatex Info: Trying to load generic definitions...
Package biblatex Info: ... file 'biblatex.def' found.
 (/usr/local/texlive/2018/texmf-dist/tex/latex/biblatex/biblatex.def
File: biblatex.def 2018/03/04 v3.11 biblatex compatibility (PK/MW)
\c@textcitecount=\count294
\c@textcitetotal=\count295
\c@textcitemaxnames=\count296
\c@biburlnumpenalty=\count297
\c@biburlucpenalty=\count298
\c@biburllcpenalty=\count299
\c@smartand=\count300
)
Package biblatex Info: Trying to load bibliography style 'numeric'...
Package biblatex Info: ... file 'numeric.bbx' found.
 (/usr/local/texlive/2018/texmf-dist/tex/latex/biblatex/bbx/numeric.bbx
File: numeric.bbx 2018/03/04 v3.11 biblatex bibliography style (PK/MW)
Package biblatex Info: Trying to load bibliography style 'standard'...
Package biblatex Info: ... file 'standard.bbx' found.
 (/usr/local/texlive/2018/texmf-dist/tex/latex/biblatex/bbx/standard.bbx
File: standard.bbx 2018/03/04 v3.11 biblatex bibliography style (PK/MW)
\c@bbx:relatedcount=\count301
\c@bbx:relatedtotal=\count302
))
Package biblatex Info: Trying to load citation style 'numeric'...
Package biblatex Info: ... file 'numeric.cbx' found.
 (/usr/local/texlive/2018/texmf-dist/tex/latex/biblatex/cbx/numeric.cbx
File: numeric.cbx 2018/03/04 v3.11 biblatex citation style (PK/MW)
Package biblatex Info: Redefining '\cite'.
Package biblatex Info: Redefining '\parencite'.
Package biblatex Info: Redefining '\footcite'.
Package biblatex Info: Redefining '\footcitetext'.
Package biblatex Info: Redefining '\smartcite'.
Package biblatex Info: Redefining '\supercite'.
Package biblatex Info: Redefining '\textcite'.
Package biblatex Info: Redefining '\textcites'.
Package biblatex Info: Redefining '\cites'.
Package biblatex Info: Redefining '\parencites'.
Package biblatex Info: Redefining '\smartcites'.
)
Package biblatex Info: Trying to load configuration file...
Package biblatex Info: ... file 'biblatex.cfg' found.
 (/usr/local/texlive/2018/texmf-dist/tex/latex/biblatex/biblatex.cfg
File: biblatex.cfg 
)) (/usr/local/texlive/2018/texmf-dist/tex/latex/multirow/multirow.sty
Package: multirow 2016/11/25 v2.2 Span multiple rows of a table
\multirow@colwidth=\skip76
\multirow@cntb=\count303
\multirow@dima=\skip77
\bigstrutjot=\dimen127
) (/usr/local/texlive/2018/texmf-dist/tex/latex/enumitem/enumitem.sty
Package: enumitem 2011/09/28 v3.5.2 Customized lists
\labelindent=\skip78
\enit@outerparindent=\dimen128
\enit@toks=\toks29
\enit@inbox=\box28
\enitdp@description=\count304
) (/usr/local/texlive/2018/texmf-dist/tex/latex/caption/caption.sty
Package: caption 2016/02/21 v3.3-144 Customizing captions (AR)
 (/usr/local/texlive/2018/texmf-dist/tex/latex/caption/caption3.sty
Package: caption3 2016/05/22 v1.7-166 caption3 kernel (AR)
Package caption3 Info: TeX engine: e-TeX on input line 67.
\captionmargin=\dimen129
\captionmargin@=\dimen130
\captionwidth=\dimen131
\caption@tempdima=\dimen132
\caption@indent=\dimen133
\caption@parindent=\dimen134
\caption@hangindent=\dimen135
)
\c@ContinuedFloat=\count305
Package caption Info: hyperref package is loaded.
)
Package biblatex Info: Trying to load language 'english'...
Package biblatex Info: ... file 'english.lbx' found.
 (/usr/local/texlive/2018/texmf-dist/tex/latex/biblatex/lbx/english.lbx
File: english.lbx 2018/03/04 v3.11 biblatex localization (PK/MW)
)
\@quotelevel=\count306
\@quotereset=\count307
 (/Users/hmoreau/Documents/Personnel/Emploi/UPC/cpe-failure-prediction/report/Thesis_Hugo_MOREAU/.texpadtmp/main.aux

LaTeX Warning: Label `CPEMes' multiply defined.

)
\openout1 = `main.aux'.

LaTeX Font Info:    Checking defaults for OML/cmm/m/it on input line 25.
LaTeX Font Info:    ... okay on input line 25.
LaTeX Font Info:    Checking defaults for T1/cmr/m/n on input line 25.
LaTeX Font Info:    ... okay on input line 25.
LaTeX Font Info:    Checking defaults for OT1/cmr/m/n on input line 25.
LaTeX Font Info:    ... okay on input line 25.
LaTeX Font Info:    Checking defaults for OMS/cmsy/m/n on input line 25.
LaTeX Font Info:    ... okay on input line 25.
LaTeX Font Info:    Checking defaults for OMX/cmex/m/n on input line 25.
LaTeX Font Info:    ... okay on input line 25.
LaTeX Font Info:    Checking defaults for U/cmr/m/n on input line 25.
LaTeX Font Info:    ... okay on input line 25.
LaTeX Font Info:    Checking defaults for PD1/pdf/m/n on input line 25.
LaTeX Font Info:    ... okay on input line 25.
\AtBeginShipoutBox=\box29
Package hyperref Info: Link coloring OFF on input line 25.
 (/usr/local/texlive/2018/texmf-dist/tex/latex/hyperref/nameref.sty
Package: nameref 2016/05/21 v2.44 Cross-referencing by name of section
 (/usr/local/texlive/2018/texmf-dist/tex/generic/oberdiek/gettitlestring.sty
Package: gettitlestring 2016/05/16 v1.5 Cleanup title references (HO)
)
\c@section@level=\count308
)
LaTeX Info: Redefining \ref on input line 25.
LaTeX Info: Redefining \pageref on input line 25.
LaTeX Info: Redefining \nameref on input line 25.
 (/Users/hmoreau/Documents/Personnel/Emploi/UPC/cpe-failure-prediction/report/Thesis_Hugo_MOREAU/.texpadtmp/main.out) (/Users/hmoreau/Documents/Personnel/Emploi/UPC/cpe-failure-prediction/report/Thesis_Hugo_MOREAU/.texpadtmp/main.out)
\@outlinefile=\write5
\openout5 = `main.out'.

 (/usr/local/texlive/2018/texmf-dist/tex/context/base/mkii/supp-pdf.mkii
[Loading MPS to PDF converter (version 2006.09.02).]
\scratchcounter=\count309
\scratchdimen=\dimen136
\scratchbox=\box30
\nofMPsegments=\count310
\nofMParguments=\count311
\everyMPshowfont=\toks30
\MPscratchCnt=\count312
\MPscratchDim=\dimen137
\MPnumerator=\count313
\makeMPintoPDFobject=\count314
\everyMPtoPDFconversion=\toks31
) (/usr/local/texlive/2018/texmf-dist/tex/latex/oberdiek/epstopdf-base.sty
Package: epstopdf-base 2016/05/15 v2.6 Base part for package epstopdf
 (/usr/local/texlive/2018/texmf-dist/tex/latex/oberdiek/grfext.sty
Package: grfext 2016/05/16 v1.2 Manage graphics extensions (HO)
)
Package epstopdf-base Info: Redefining graphics rule for `.eps' on input line 438.
Package grfext Info: Graphics extension search list:
(grfext)             [.pdf,.png,.jpg,.mps,.jpeg,.jbig2,.jb2,.PDF,.PNG,.JPG,.JPEG,.JBIG2,.JB2,.eps]
(grfext)             \AppendGraphicsExtensions on input line 456.
 (/usr/local/texlive/2018/texmf-dist/tex/latex/latexconfig/epstopdf-sys.cfg
File: epstopdf-sys.cfg 2010/07/13 v1.3 Configuration of (r)epstopdf for TeX Live
))
Package biblatex Info: Input encoding 'utf8' detected.
Package biblatex Info: Automatic encoding selection.
(biblatex)             Assuming data encoding 'utf8'.
\openout4 = `main.bcf'.

Package biblatex Info: Trying to load bibliographic data...
Package biblatex Info: ... file 'main.bbl' found.
 (/Users/hmoreau/Documents/Personnel/Emploi/UPC/cpe-failure-prediction/report/Thesis_Hugo_MOREAU/.texpadtmp/main.bbl)
Package biblatex Info: Reference section=0 on input line 25.
Package biblatex Info: Reference segment=0 on input line 25.
Package caption Info: Begin \AtBeginDocument code.
Package caption Info: End \AtBeginDocument code.
LaTeX Font Info:    Try loading font information for U+msa on input line 41.
 (/usr/local/texlive/2018/texmf-dist/tex/latex/amsfonts/umsa.fd
File: umsa.fd 2013/01/14 v3.01 AMS symbols A
)
LaTeX Font Info:    Try loading font information for U+msb on input line 41.
 (/usr/local/texlive/2018/texmf-dist/tex/latex/amsfonts/umsb.fd
File: umsb.fd 2013/01/14 v3.01 AMS symbols B
)
<images/EPFL.png, id=410, 1284.8pt x 616.3025pt>
File: images/EPFL.png Graphic file (type png)
<use images/EPFL.png>
Package pdftex.def Info: images/EPFL.png  used on input line 41.
(pdftex.def)             Requested size: 90.39862pt x 43.36186pt.
 [1


{/usr/local/texlive/2018/texmf-var/fonts/map/pdftex/updmap/pdftex.map} <./images/EPFL.png>] (/Users/hmoreau/Documents/Personnel/Emploi/UPC/cpe-failure-prediction/report/Thesis_Hugo_MOREAU/.texpadtmp/main.tocpdfTeX warning (ext4): destination with the same identifier (name{page.1}) has been already used, duplicate ignored
<to be read again> 
                   \relax 
l.77 ...v statistic on 2 samples}{21}{section*.30}
                                                   [1



] [2])
\tf@toc=\write6
\openout6 = `main.toc'.

 [3] (./0-Abstract_introduction.texpdfTeX warning (ext4): destination with the same identifier (name{page.1}) has been already used, duplicate ignored
<to be read again> 
                   \relax 
l.5 \chapter
            *{Introduction} [1


]) (./1-UPC_Cablecom.texpdfTeX warning (ext4): destination with the same identifier (name{page.2}) has been already used, duplicate ignored
<to be read again> 
                   \relax 
l.1 \chapter
            {UPC Cablecom's Business} [2

]
Chapter 1.
<images/HFC.png, id=553, 918.3108pt x 214.401pt>
File: images/HFC.png Graphic file (type png)
<use images/HFC.png>
Package pdftex.def Info: images/HFC.png  used on input line 13.
(pdftex.def)             Requested size: 452.0pt x 105.53177pt.
<images/SVG.png, id=556, 596.9502pt x 329.0694pt>
File: images/SVG.png Graphic file (type png)
<use images/SVG.png>
Package pdftex.def Info: images/SVG.png  used on input line 23.
(pdftex.def)             Requested size: 226.0pt x 124.58069pt.
pdfTeX warning (ext4): destination with the same identifier (name{page.3}) has been already used, duplicate ignored
<to be read again> 
                   \relax 
l.31 O
      n the other hand, the association between a CPE and a service group do... [3

 <./images/HFC.png>]
LaTeX Font Info:    Try loading font information for OMS+cmr on input line 44.
 (/usr/local/texlive/2018/texmf-dist/tex/latex/base/omscmr.fd
File: omscmr.fd 2014/09/29 v2.5h Standard LaTeX font definitions
)
LaTeX Font Info:    Font shape `OMS/cmr/m/n' in size <10> not available
(Font)              Font shape `OMS/cmsy/m/n' tried instead on input line 44.
 [4 <./images/SVG.png>]) (./2-Dataset_Construction.tex [5]
Chapter 2.
[6

] [7]
Overfull \hbox (6.47864pt too wide) in paragraph at lines 62--82
 [] 
 []


LaTeX Warning: `h' float specifier changed to `ht'.

[8]

LaTeX Warning: `h' float specifier changed to `ht'.


LaTeX Warning: `h' float specifier changed to `ht'.


Underfull \vbox (badness 4013) has occurred while \output is active []

 [9] [10]
<images/6h_aggregation.png, id=624, 753.5352pt x 217.7736pt>
File: images/6h_aggregation.png Graphic file (type png)
<use images/6h_aggregation.png>
Package pdftex.def Info: images/6h_aggregation.png  used on input line 205.
(pdftex.def)             Requested size: 452.0pt x 130.6286pt.
 [11]

Package hyperref Warning: Difference (2) between bookmark levels is greater 
(hyperref)                than one, level fixed on input line 228.

[12 <./images/6h_aggregation.png>]
<images/offline.png, id=646, 617.30624pt x 317.185pt>
File: images/offline.png Graphic file (type png)
<use images/offline.png>
Package pdftex.def Info: images/offline.png  used on input line 240.
(pdftex.def)             Requested size: 452.0pt x 232.25456pt.
LaTeX Font Info:    Font shape `OT1/cmtt/bx/n' in size <10> not available
(Font)              Font shape `OT1/cmtt/m/n' tried instead on input line 252.

Overfull \hbox (6.19325pt too wide) in paragraph at lines 250--289
 [] 
 []


LaTeX Warning: `h' float specifier changed to `ht'.

[13 <./images/offline.png>]
<images/timeline.png, id=655, 945.2916pt x 100.2144pt>
File: images/timeline.png Graphic file (type png)
<use images/timeline.png>
Package pdftex.def Info: images/timeline.png  used on input line 308.
(pdftex.def)             Requested size: 452.0pt x 47.91733pt.
 [14 <./images/timeline.png>] [15] [16] [17]) (./3-Analysis.tex [18] [19]
Chapter 3.
[20

]
<images/KS_CER_UP_12.png, id=720, 1054.94125pt x 358.33875pt>
File: images/KS_CER_UP_12.png Graphic file (type png)
<use images/KS_CER_UP_12.png>
Package pdftex.def Info: images/KS_CER_UP_12.png  used on input line 60.
(pdftex.def)             Requested size: 452.0pt x 153.53041pt.
<images/KS_CER_UP_6.png, id=721, 1048.91875pt x 358.33875pt>
File: images/KS_CER_UP_6.png Graphic file (type png)
<use images/KS_CER_UP_6.png>
Package pdftex.def Info: images/KS_CER_UP_6.png  used on input line 68.
(pdftex.def)             Requested size: 452.0pt x 154.41618pt.
<images/KS_CER_DN_18.png, id=722, 1060.96375pt x 358.33875pt>
File: images/KS_CER_DN_18.png Graphic file (type png)
<use images/KS_CER_DN_18.png>
Package pdftex.def Info: images/KS_CER_DN_18.png  used on input line 76.
(pdftex.def)             Requested size: 452.0pt x 152.66103pt.
<images/KS_CER_DN_18_CUMUL.png, id=723, 1062.97125pt x 311.1625pt>
File: images/KS_CER_DN_18_CUMUL.png Graphic file (type png)
<use images/KS_CER_DN_18_CUMUL.png>
Package pdftex.def Info: images/KS_CER_DN_18_CUMUL.png  used on input line 84.
(pdftex.def)             Requested size: 452.0pt x 132.3159pt.
 [21] [22 <./images/KS_CER_UP_12.png> <./images/KS_CER_UP_6.png>] [23 <./images/KS_CER_DN_18.png> <./images/KS_CER_DN_18_CUMUL.png>]

LaTeX Warning: `h' float specifier changed to `ht'.

[24] [25]
<images/null_white_pattern.png, id=795, 1502.61375pt x 578.16pt>
File: images/null_white_pattern.png Graphic file (type png)
<use images/null_white_pattern.png>
Package pdftex.def Info: images/null_white_pattern.png  used on input line 209.
(pdftex.def)             Requested size: 452.0pt x 173.9169pt.
<images/dendogram_part.png, id=796, 1648.1575pt x 1373.13pt>
File: images/dendogram_part.png Graphic file (type png)
<use images/dendogram_part.png>
Package pdftex.def Info: images/dendogram_part.png  used on input line 219.
(pdftex.def)             Requested size: 452.0pt x 376.57478pt.
LaTeX Font Info:    Try loading font information for OMS+cmtt on input line 235.
LaTeX Font Info:    No file OMScmtt.fd. on input line 235.


LaTeX Font Warning: Font shape `OMS/cmtt/m/n' undefined
(Font)              using `OMS/cmsy/m/n' instead
(Font)              for symbol `textbraceleft' on input line 235.

[26 <./images/null_white_pattern.png>] [27 <./images/dendogram_part.png>]
<images/correlation-1.png, id=813, 344.28625pt x 358.33875pt>
File: images/correlation-1.png Graphic file (type png)
<use images/correlation-1.png>
Package pdftex.def Info: images/correlation-1.png  used on input line 249.
(pdftex.def)             Requested size: 108.405pt x 112.8281pt.
<images/correlation-2.png, id=814, 344.28625pt x 358.33875pt>
File: images/correlation-2.png Graphic file (type png)
<use images/correlation-2.png>
Package pdftex.def Info: images/correlation-2.png  used on input line 250.
(pdftex.def)             Requested size: 108.405pt x 112.8281pt.
<images/correlation-3.png, id=815, 344.28625pt x 358.33875pt>
File: images/correlation-3.png Graphic file (type png)
<use images/correlation-3.png>
Package pdftex.def Info: images/correlation-3.png  used on input line 251.
(pdftex.def)             Requested size: 108.405pt x 112.8281pt.
<images/correlation-4.png, id=816, 341.275pt x 358.33875pt>
File: images/correlation-4.png Graphic file (type png)
<use images/correlation-4.png>
Package pdftex.def Info: images/correlation-4.png  used on input line 252.
(pdftex.def)             Requested size: 108.405pt x 113.82323pt.
<images/correlation-5.png, id=817, 344.28625pt x 358.33875pt>
File: images/correlation-5.png Graphic file (type png)
<use images/correlation-5.png>
Package pdftex.def Info: images/correlation-5.png  used on input line 253.
(pdftex.def)             Requested size: 108.405pt x 112.8281pt.
<images/correlation-6.png, id=818, 344.28625pt x 358.33875pt>
File: images/correlation-6.png Graphic file (type png)
<use images/correlation-6.png>
Package pdftex.def Info: images/correlation-6.png  used on input line 254.
(pdftex.def)             Requested size: 108.405pt x 112.8281pt.
<images/correlation-7.png, id=819, 344.28625pt x 358.33875pt>
File: images/correlation-7.png Graphic file (type png)
<use images/correlation-7.png>
Package pdftex.def Info: images/correlation-7.png  used on input line 255.
(pdftex.def)             Requested size: 108.405pt x 112.8281pt.
<images/correlation-8.png, id=820, 344.28625pt x 358.33875pt>
File: images/correlation-8.png Graphic file (type png)
<use images/correlation-8.png>
Package pdftex.def Info: images/correlation-8.png  used on input line 256.
(pdftex.def)             Requested size: 108.405pt x 112.8281pt.
<images/correlation-9.png, id=821, 344.28625pt x 358.33875pt>
File: images/correlation-9.png Graphic file (type png)
<use images/correlation-9.png>
Package pdftex.def Info: images/correlation-9.png  used on input line 257.
(pdftex.def)             Requested size: 108.405pt x 112.8281pt.
<images/almost_corr_1.png, id=823, 424.58624pt x 421.575pt>
File: images/almost_corr_1.png Graphic file (type png)
<use images/almost_corr_1.png>
Package pdftex.def Info: images/almost_corr_1.png  used on input line 274.
(pdftex.def)             Requested size: 144.54pt x 143.51372pt.
<images/almost_corr_2.png, id=824, 424.58624pt x 421.575pt>
File: images/almost_corr_2.png Graphic file (type png)
<use images/almost_corr_2.png>
Package pdftex.def Info: images/almost_corr_2.png  used on input line 275.
(pdftex.def)             Requested size: 144.54pt x 143.51372pt.
<images/almost_corr_3.png, id=825, 424.58624pt x 421.575pt>
File: images/almost_corr_3.png Graphic file (type png)
<use images/almost_corr_3.png>
Package pdftex.def Info: images/almost_corr_3.png  used on input line 276.
(pdftex.def)             Requested size: 144.54pt x 143.51372pt.

Overfull \hbox (11.61998pt too wide) in paragraph at lines 272--278
 []$ 
 []


LaTeX Warning: `h' float specifier changed to `ht'.


Underfull \vbox (badness 1194) has occurred while \output is active []

 [28 <./images/correlation-1.png> <./images/correlation-2.png> <./images/correlation-3.png> <./images/correlation-4.png> <./images/correlation-5.png> <./images/correlation-6.png> <./images/correlation-7.png> <./images/correlation-8.png> <./images/correlation-9.png>]
<images/nearzerovar.png, id=845, 237.88875pt x 481.8pt>
File: images/nearzerovar.png Graphic file (type png)
<use images/nearzerovar.png>
Package pdftex.def Info: images/nearzerovar.png  used on input line 293.
(pdftex.def)             Requested size: 118.94408pt x 240.8994pt.
 [29 <./images/almost_corr_1.png> <./images/almost_corr_2.png> <./images/almost_corr_3.png>] [30 <./images/nearzerovar.png>]
<images/pca_var.png, id=868, 397.485pt x 270.00874pt>
File: images/pca_var.png Graphic file (type png)
<use images/pca_var.png>
Package pdftex.def Info: images/pca_var.png  used on input line 350.
(pdftex.def)             Requested size: 198.742pt x 135.00403pt.
 [31]
Underfull \vbox (badness 3396) has occurred while \output is active []

 [32 <./images/pca_var.png>]

LaTeX Warning: `h' float specifier changed to `ht'.

<images/clust_simple.png, id=891, 1212.53pt x 500.87125pt>
File: images/clust_simple.png Graphic file (type png)
<use images/clust_simple.png>
Package pdftex.def Info: images/clust_simple.png  used on input line 422.
(pdftex.def)             Requested size: 452.0pt x 186.71042pt.
<images/clust_pca.png, id=895, 1212.53pt x 500.87125pt>
File: images/clust_pca.png Graphic file (type png)
<use images/clust_pca.png>
Package pdftex.def Info: images/clust_pca.png  used on input line 432.
(pdftex.def)             Requested size: 452.0pt x 186.71042pt.
[33] [34 <./images/clust_simple.png>]
<images/clust_balanced.png, id=910, 1212.53pt x 500.87125pt>
File: images/clust_balanced.png Graphic file (type png)
<use images/clust_balanced.png>
Package pdftex.def Info: images/clust_balanced.png  used on input line 453.
(pdftex.def)             Requested size: 452.0pt x 186.71042pt.

Overfull \hbox (0.9887pt too wide) in paragraph at lines 463--473
 [] 
 []

<images/clust_pca_diff_lev.png, id=914, 1346.02875pt x 610.28pt>
File: images/clust_pca_diff_lev.png Graphic file (type png)
<use images/clust_pca_diff_lev.png>
Package pdftex.def Info: images/clust_pca_diff_lev.png  used on input line 482.
(pdftex.def)             Requested size: 452.0pt x 204.93163pt.
[35 <./images/clust_pca.png>]
Underfull \vbox (badness 10000) has occurred while \output is active []

 [36 <./images/clust_balanced.png>] [37 <./images/clust_pca_diff_lev.png>]
<images/ROC_RF.png, id=941, 272.01625pt x 327.2225pt>
File: images/ROC_RF.png Graphic file (type png)
<use images/ROC_RF.png>
Package pdftex.def Info: images/ROC_RF.png  used on input line 551.
(pdftex.def)             Requested size: 101.17755pt x 121.71452pt.
<images/ROC_NSVM.png, id=942, 270.00874pt x 327.2225pt>
File: images/ROC_NSVM.png Graphic file (type png)
<use images/ROC_NSVM.png>
Package pdftex.def Info: images/ROC_NSVM.png  used on input line 552.
(pdftex.def)             Requested size: 101.17755pt x 122.61327pt.
<images/ROC_GB.png, id=943, 270.00874pt x 327.2225pt>
File: images/ROC_GB.png Graphic file (type png)
<use images/ROC_GB.png>
Package pdftex.def Info: images/ROC_GB.png  used on input line 553.
(pdftex.def)             Requested size: 101.17755pt x 122.61327pt.
<images/ROC_GBLDA.png, id=944, 298.11375pt x 327.2225pt>
File: images/ROC_GBLDA.png Graphic file (type png)
<use images/ROC_GBLDA.png>
Package pdftex.def Info: images/ROC_GBLDA.png  used on input line 554.
(pdftex.def)             Requested size: 110.573pt x 121.37pt.

Overfull \hbox (2.10565pt too wide) in paragraph at lines 549--556
 []$ 
 []


LaTeX Warning: `h' float specifier changed to `ht'.

[38]
<images/old_cv.png, id=955, 342.27875pt x 357.335pt>
File: images/old_cv.png Graphic file (type png)
<use images/old_cv.png>
Package pdftex.def Info: images/old_cv.png  used on input line 580.
(pdftex.def)             Requested size: 144.54pt x 150.903pt.
<images/new_cv.png, id=956, 342.27875pt x 357.335pt>
File: images/new_cv.png Graphic file (type png)
<use images/new_cv.png>
Package pdftex.def Info: images/new_cv.png  used on input line 581.
(pdftex.def)             Requested size: 144.54pt x 150.903pt.
 [39 <./images/ROC_RF.png> <./images/ROC_NSVM.png> <./images/ROC_GB.png> <./images/ROC_GBLDA.png> <./images/old_cv.png> <./images/new_cv.png>]

LaTeX Warning: `h' float specifier changed to `ht'.

<images/PR_GB.png, id=971, 293.095pt x 328.22626pt>
File: images/PR_GB.png Graphic file (type png)
<use images/PR_GB.png>
Package pdftex.def Info: images/PR_GB.png  used on input line 644.
(pdftex.def)             Requested size: 130.08621pt x 145.67708pt.
<images/PR_RF.png, id=972, 294.09875pt x 328.22626pt>
File: images/PR_RF.png Graphic file (type png)
<use images/PR_RF.png>
Package pdftex.def Info: images/PR_RF.png  used on input line 645.
(pdftex.def)             Requested size: 130.08621pt x 145.18126pt.
<images/PR_NSVM.png, id=973, 292.09125pt x 329.23pt>
File: images/PR_NSVM.png Graphic file (type png)
<use images/PR_NSVM.png>
Package pdftex.def Info: images/PR_NSVM.png  used on input line 646.
(pdftex.def)             Requested size: 130.08621pt x 146.62996pt.

LaTeX Warning: `h' float specifier changed to `ht'.

[40]
<images/most_imp_f_offline.png, id=982, 383.4325pt x 328.22626pt>
File: images/most_imp_f_offline.png Graphic file (type png)
<use images/most_imp_f_offline.png>
Package pdftex.def Info: images/most_imp_f_offline.png  used on input line 672.
(pdftex.def)             Requested size: 184.28871pt x 157.75716pt.
<images/most_imp_f_misssnr.png, id=983, 376.40625pt x 328.22626pt>
File: images/most_imp_f_misssnr.png Graphic file (type png)
<use images/most_imp_f_misssnr.png>
Package pdftex.def Info: images/most_imp_f_misssnr.png  used on input line 673.
(pdftex.def)             Requested size: 180.67499pt x 157.55182pt.
<images/most_imp_f_cmtsutil.png, id=984, 376.40625pt x 351.3125pt>
File: images/most_imp_f_cmtsutil.png Graphic file (type png)
<use images/most_imp_f_cmtsutil.png>
Package pdftex.def Info: images/most_imp_f_cmtsutil.png  used on input line 674.
(pdftex.def)             Requested size: 180.67499pt x 168.63344pt.
<images/most_imp_f_cmtscer.png, id=985, 383.4325pt x 351.3125pt>
File: images/most_imp_f_cmtscer.png Graphic file (type png)
<use images/most_imp_f_cmtscer.png>
Package pdftex.def Info: images/most_imp_f_cmtscer.png  used on input line 675.
(pdftex.def)             Requested size: 180.67499pt x 165.54037pt.


LaTeX Warning: `h' float specifier changed to `ht'.

[41 <./images/PR_GB.png> <./images/PR_RF.png> <./images/PR_NSVM.png>] [42 <./images/most_imp_f_offline.png> <./images/most_imp_f_misssnr.png> <./images/most_imp_f_cmtsutil.png> <./images/most_imp_f_cmtscer.png>]
<images/model_comparison.png, id=1007, 398.48875pt x 270.00874pt>
File: images/model_comparison.png Graphic file (type png)
<use images/model_comparison.png>
Package pdftex.def Info: images/model_comparison.png  used on input line 722.
(pdftex.def)             Requested size: 271.20276pt x 183.76831pt.
 [43]
Overfull \hbox (4.29205pt too wide) in paragraph at lines 740--752
 [] 
 []


LaTeX Warning: `h' float specifier changed to `ht'.

[44 <./images/model_comparison.png>]
<images/time_gap.png, id=1030, 401.5pt x 303.1325pt>
File: images/time_gap.png Graphic file (type png)
<use images/time_gap.png>
Package pdftex.def Info: images/time_gap.png  used on input line 767.
(pdftex.def)             Requested size: 281.04808pt x 212.1913pt.
<images/weekdays_1.png, id=1032, 868.24374pt x 358.33875pt>
File: images/weekdays_1.png Graphic file (type png)
<use images/weekdays_1.png>
Package pdftex.def Info: images/weekdays_1.png  used on input line 781.
(pdftex.def)             Requested size: 347.29134pt x 143.33296pt.
<images/weekdays_2.png, id=1033, 868.24374pt x 360.34625pt>
File: images/weekdays_2.png Graphic file (type png)
<use images/weekdays_2.png>
Package pdftex.def Info: images/weekdays_2.png  used on input line 782.
(pdftex.def)             Requested size: 347.29134pt x 144.13594pt.
<images/weekdays_3.png, id=1034, 268.00125pt x 359.3425pt>
File: images/weekdays_3.png Graphic file (type png)
<use images/weekdays_3.png>
Package pdftex.def Info: images/weekdays_3.png  used on input line 783.
(pdftex.def)             Requested size: 107.1986pt x 143.73445pt.


LaTeX Warning: `h' float specifier changed to `ht'.

) (./4-Discussion.tex [45] [46 <./images/time_gap.png>] [47 <./images/weekdays_1.png> <./images/weekdays_2.png> <./images/weekdays_3.png>]
Chapter 4.
[48

] [49]
<images/thresholds.png, id=1069, 421.0932pt x 329.0694pt>
File: images/thresholds.png Graphic file (type png)
<use images/thresholds.png>
Package pdftex.def Info: images/thresholds.png  used on input line 65.
(pdftex.def)             Requested size: 452.0pt x 353.24559pt.
) (./5-Conclusion.tex [50] [51 <./images/thresholds.png>]
Chapter 5.
) (./6-Appendix.tex [52

]
Appendix A.
<images/continuous-1.png, id=1087, 1011.78pt x 722.7pt>
File: images/continuous-1.png Graphic file (type png)
<use images/continuous-1.png>
Package pdftex.def Info: images/continuous-1.png  used on input line 11.
(pdftex.def)             Requested size: 452.0pt x 322.86313pt.
<images/continuous-2.png, id=1088, 1011.78pt x 722.7pt>
File: images/continuous-2.png Graphic file (type png)
<use images/continuous-2.png>
Package pdftex.def Info: images/continuous-2.png  used on input line 19.
(pdftex.def)             Requested size: 452.0pt x 322.86313pt.
<images/continuous-3.png, id=1089, 1011.78pt x 722.7pt>
File: images/continuous-3.png Graphic file (type png)
<use images/continuous-3.png>
Package pdftex.def Info: images/continuous-3.png  used on input line 27.
(pdftex.def)             Requested size: 452.0pt x 322.86313pt.
<images/continuous-4.png, id=1090, 1011.78pt x 722.7pt>
File: images/continuous-4.png Graphic file (type png)
<use images/continuous-4.png>
Package pdftex.def Info: images/continuous-4.png  used on input line 35.
(pdftex.def)             Requested size: 452.0pt x 322.86313pt.
<images/continuous-5.png, id=1091, 1011.78pt x 722.7pt>
File: images/continuous-5.png Graphic file (type png)
<use images/continuous-5.png>
Package pdftex.def Info: images/continuous-5.png  used on input line 43.
(pdftex.def)             Requested size: 452.0pt x 322.86313pt.
<images/continuous-6.png, id=1092, 1011.78pt x 722.7pt>
File: images/continuous-6.png Graphic file (type png)
<use images/continuous-6.png>
Package pdftex.def Info: images/continuous-6.png  used on input line 51.
(pdftex.def)             Requested size: 452.0pt x 322.86313pt.
<images/continuous-7.png, id=1093, 1011.78pt x 722.7pt>
File: images/continuous-7.png Graphic file (type png)
<use images/continuous-7.png>
Package pdftex.def Info: images/continuous-7.png  used on input line 59.
(pdftex.def)             Requested size: 452.0pt x 322.86313pt.
<images/continuous-8.png, id=1094, 1011.78pt x 722.7pt>
File: images/continuous-8.png Graphic file (type png)
<use images/continuous-8.png>
Package pdftex.def Info: images/continuous-8.png  used on input line 67.
(pdftex.def)             Requested size: 452.0pt x 322.86313pt.
<images/continuous-9.png, id=1095, 1011.78pt x 722.7pt>
File: images/continuous-9.png Graphic file (type png)
<use images/continuous-9.png>
Package pdftex.def Info: images/continuous-9.png  used on input line 75.
(pdftex.def)             Requested size: 452.0pt x 322.86313pt.
<images/continuous-10.png, id=1096, 1011.78pt x 722.7pt>
File: images/continuous-10.png Graphic file (type png)
<use images/continuous-10.png>
Package pdftex.def Info: images/continuous-10.png  used on input line 83.
(pdftex.def)             Requested size: 452.0pt x 322.86313pt.
<images/continuous-11.png, id=1097, 1011.78pt x 722.7pt>
File: images/continuous-11.png Graphic file (type png)
<use images/continuous-11.png>
Package pdftex.def Info: images/continuous-11.png  used on input line 91.
(pdftex.def)             Requested size: 452.0pt x 322.86313pt.
<images/continuous-12.png, id=1098, 1011.78pt x 722.7pt>
File: images/continuous-12.png Graphic file (type png)
<use images/continuous-12.png>
Package pdftex.def Info: images/continuous-12.png  used on input line 99.
(pdftex.def)             Requested size: 452.0pt x 322.86313pt.
<images/continuous-13.png, id=1099, 1011.78pt x 722.7pt>
File: images/continuous-13.png Graphic file (type png)
<use images/continuous-13.png>
Package pdftex.def Info: images/continuous-13.png  used on input line 107.
(pdftex.def)             Requested size: 452.0pt x 322.86313pt.
<images/continuous-14.png, id=1100, 1011.78pt x 722.7pt>
File: images/continuous-14.png Graphic file (type png)
<use images/continuous-14.png>
Package pdftex.def Info: images/continuous-14.png  used on input line 115.
(pdftex.def)             Requested size: 452.0pt x 322.86313pt.
<images/continuous-15.png, id=1101, 1011.78pt x 722.7pt>
File: images/continuous-15.png Graphic file (type png)
<use images/continuous-15.png>
Package pdftex.def Info: images/continuous-15.png  used on input line 123.
(pdftex.def)             Requested size: 452.0pt x 322.86313pt.
<images/continuous-16.png, id=1102, 1011.78pt x 722.7pt>
File: images/continuous-16.png Graphic file (type png)
<use images/continuous-16.png>
Package pdftex.def Info: images/continuous-16.png  used on input line 131.
(pdftex.def)             Requested size: 452.0pt x 322.86313pt.
<images/continuous-17.png, id=1103, 1011.78pt x 722.7pt>
File: images/continuous-17.png Graphic file (type png)
<use images/continuous-17.png>
Package pdftex.def Info: images/continuous-17.png  used on input line 139.
(pdftex.def)             Requested size: 452.0pt x 322.86313pt.
<images/continuous-18.png, id=1104, 1011.78pt x 722.7pt>
File: images/continuous-18.png Graphic file (type png)
<use images/continuous-18.png>
Package pdftex.def Info: images/continuous-18.png  used on input line 147.
(pdftex.def)             Requested size: 452.0pt x 322.86313pt.
<images/categorical-1.png, id=1106, 1011.78pt x 722.7pt>
File: images/categorical-1.png Graphic file (type png)
<use images/categorical-1.png>
Package pdftex.def Info: images/categorical-1.png  used on input line 158.
(pdftex.def)             Requested size: 452.0pt x 322.86313pt.
[53


 <./images/continuous-1.png>]) [54 <./images/continuous-2.png>] [55 <./images/continuous-3.png>] [56 <./images/continuous-4.png>] [57 <./images/continuous-5.png>] [58 <./images/continuous-6.png>] [59 <./images/continuous-7.png>] [60 <./images/continuous-8.png>] [61 <./images/continuous-9.png>] [62 <./images/continuous-10.png>] [63 <./images/continuous-11.png>] [64 <./images/continuous-12.png>] [65 <./images/continuous-13.png>] [66 <./images/continuous-14.png>] [67 <./images/continuous-15.png>] [68 <./images/continuous-16.png>] [69 <./images/continuous-17.png>] [70 <./images/continuous-18.png>] [71 <./images/categorical-1.png>]
Underfull \hbox (badness 1199) in paragraph at lines 53--53
[]\OT1/cmr/m/n/10 Rolke and Lopez. ``A test for equal-ity of dis-tri-bu-tions in high di-men-sions''. In: (2010).
 []


Underfull \hbox (badness 1371) in paragraph at lines 53--53
\OT1/cmr/m/n/10 [On-line; ac-cessed 25-June-2018]. \OT1/cmr/m/sc/10 url\OT1/cmr/m/n/10 : []$\OT1/cmtt/m/n/10 https : / / pdfs . semanticscholar . org / 60e8 /
 []


Underfull \hbox (badness 1024) in paragraph at lines 53--53
[]\OT1/cmr/m/n/10 Szekely and Rizzo. ``Test-ing for equal dis-tri-bu-tions in high di-men-sion''. In: (2004). [On-
 []


Underfull \hbox (badness 2799) in paragraph at lines 53--53
\OT1/cmr/m/n/10 line; ac-cessed 25-June-2018]. \OT1/cmr/m/sc/10 url\OT1/cmr/m/n/10 : []$\OT1/cmtt/m/n/10 https : / / pdfs . semanticscholar . org / ad5e /
 []

[72

]
Package atveryend Info: Empty hook `BeforeClearDocument' on input line 54.
 [73]
Package atveryend Info: Empty hook `AfterLastShipout' on input line 54.
 (/Users/hmoreau/Documents/Personnel/Emploi/UPC/cpe-failure-prediction/report/Thesis_Hugo_MOREAU/.texpadtmp/main.aux)
Package atveryend Info: Executing hook `AtVeryEndDocument' on input line 54.
Package atveryend Info: Executing hook `AtEndAfterFileList' on input line 54.
Package rerunfilecheck Info: File `main.out' has not changed.
(rerunfilecheck)             Checksum: <no file>.


LaTeX Font Warning: Some font shapes were not available, defaults substituted.


LaTeX Warning: There were multiply-defined labels.

Package logreq Info: Writing requests to 'main.run.xml'.
\openout1 = `main.run.xml'.

Package atveryend Info: Empty hook `AtVeryVeryEnd' on input line 54.
 ) 
Here is how much of TeX's memory you used:
 15914 strings out of 492649
 267525 string characters out of 6129622
 721688 words of memory out of 5000000
 19246 multiletter control sequences out of 15000+600000
 15443 words of font info for 60 fonts, out of 8000000 for 9000
 1141 hyphenation exceptions out of 8191
 44i,14n,45p,1049b,1397s stack positions out of 5000i,500n,10000p,200000b,80000s
</usr/local/texlive/2018/texmf-dist/fonts/type1/public/amsfonts/cm/cmbx10.pfb></usr/local/texlive/2018/texmf-dist/fonts/type1/public/amsfonts/cm/cmbx12.pfb></usr/local/texlive/2018/texmf-dist/fonts/type1/public/amsfonts/cm/cmbx7.pfb></usr/local/texlive/2018/texmf-dist/fonts/type1/public/amsfonts/cm/cmcsc10.pfb></usr/local/texlive/2018/texmf-dist/fonts/type1/public/amsfonts/cm/cmex10.pfb></usr/local/texlive/2018/texmf-dist/fonts/type1/public/amsfonts/cm/cmmi10.pfb></usr/local/texlive/2018/texmf-dist/fonts/type1/public/amsfonts/cm/cmmi5.pfb></usr/local/texlive/2018/texmf-dist/fonts/type1/public/amsfonts/cm/cmmi7.pfb></usr/local/texlive/2018/texmf-dist/fonts/type1/public/amsfonts/cm/cmmi8.pfb></usr/local/texlive/2018/texmf-dist/fonts/type1/public/amsfonts/cm/cmr10.pfb></usr/local/texlive/2018/texmf-dist/fonts/type1/public/amsfonts/cm/cmr12.pfb></usr/local/texlive/2018/texmf-dist/fonts/type1/public/amsfonts/cm/cmr17.pfb></usr/local/texlive/2018/texmf-dist/fonts/type1/public/amsfonts/cm/cmr5.pfb></usr/local/texlive/2018/texmf-dist/fonts/type1/public/amsfonts/cm/cmr6.pfb></usr/local/texlive/2018/texmf-dist/fonts/type1/public/amsfonts/cm/cmr7.pfb></usr/local/texlive/2018/texmf-dist/fonts/type1/public/amsfonts/cm/cmr8.pfb></usr/local/texlive/2018/texmf-dist/fonts/type1/public/amsfonts/cm/cmsy10.pfb></usr/local/texlive/2018/texmf-dist/fonts/type1/public/amsfonts/cm/cmsy7.pfb></usr/local/texlive/2018/texmf-dist/fonts/type1/public/amsfonts/cm/cmti10.pfb></usr/local/texlive/2018/texmf-dist/fonts/type1/public/amsfonts/cm/cmtt10.pfb></usr/local/texlive/2018/texmf-dist/fonts/type1/public/amsfonts/cm/cmtt12.pfb></usr/local/texlive/2018/texmf-dist/fonts/type1/public/amsfonts/cm/cmtt8.pfb></usr/local/texlive/2018/texmf-dist/fonts/type1/public/amsfonts/symbols/msbm10.pfb>
Output written on /Users/hmoreau/Documents/Personnel/Emploi/UPC/cpe-failure-prediction/report/Thesis_Hugo_MOREAU/.texpadtmp/main.pdf (77 pages, 2878062 bytes).
PDF statistics:
 1415 PDF objects out of 1440 (max. 8388607)
 1165 compressed objects within 12 object streams
 303 named destinations out of 1000 (max. 500000)
 1149 words of extra memory for PDF output out of 10000 (max. 10000000)

